#
# There is insufficient memory for the Java Runtime Environment to continue.
# Native memory allocation (mmap) failed to map 134217728 bytes. Error detail: G1 virtual space
# Possible reasons:
#   The system is out of physical RAM or swap space
#   This process is running with CompressedOops enabled, and the Java Heap may be blocking the growth of the native heap
# Possible solutions:
#   Reduce memory load on the system
#   Increase physical memory or swap space
#   Check if swap backing store is full
#   Decrease Java heap size (-Xmx/-Xms)
#   Decrease number of Java threads
#   Decrease Java thread stack sizes (-Xss)
#   Set larger code cache with -XX:ReservedCodeCacheSize=
#   JVM is running with Unscaled Compressed Oops mode in which the Java heap is
#     placed in the first 4GB address space. The Java Heap base address is the
#     maximum limit for the native heap growth. Please use -XX:HeapBaseMinAddress
#     to set the Java Heap base and to place the Java Heap above 4GB virtual address.
# This output file may be truncated or incomplete.
#
#  Out of Memory Error (os_windows.cpp:3825), pid=2592, tid=7084
#
# JRE version:  (17.0.11+1) (build )
# Java VM: OpenJDK 64-Bit Server VM (17.0.11+1-b1207.24, mixed mode, sharing, tiered, compressed oops, compressed class ptrs, g1 gc, windows-amd64)
# No core dump will be written. Minidumps are not enabled by default on client versions of Windows
#

---------------  S U M M A R Y ------------

Command Line: git4idea.http.GitAskPassApp Username for 'https://github.com': 

Host: 11th Gen Intel(R) Core(TM) i7-11700K @ 3.60GHz, 4 cores, 7G,  Windows 10 , 64 bit Build 19041 (10.0.19041.2913)
Time: Tue Jul 30 16:31:49 2024 RTZ 3 (s 10 , 64 bit Build 19041 (10.0.19041.2913) elapsed time: 0.008675 seconds (0d 0h 0m 0s)

---------------  T H R E A D  ---------------

Current thread (0x00000258b8df6a90):  JavaThread "Unknown thread" [_thread_in_vm, id=7084, stack(0x000000d0d4300000,0x000000d0d4400000)]

Stack: [0x000000d0d4300000,0x000000d0d4400000]
Native frames: (J=compiled Java code, j=interpreted, Vv=VM code, C=native code)
V  [jvm.dll+0x6877f9]
V  [jvm.dll+0x8411aa]
V  [jvm.dll+0x842e2e]
V  [jvm.dll+0x843493]
V  [jvm.dll+0x249fdf]
V  [jvm.dll+0x6845c9]
V  [jvm.dll+0x678e7a]
V  [jvm.dll+0x30ab4b]
V  [jvm.dll+0x311ff6]
V  [jvm.dll+0x361a5e]
V  [jvm.dll+0x361c8f]
V  [jvm.dll+0x2e0978]
V  [jvm.dll+0x2e18e4]
V  [jvm.dll+0x811c71]
V  [jvm.dll+0x36f7c8]
V  [jvm.dll+0x7f05f6]
V  [jvm.dll+0x3f398f]
V  [jvm.dll+0x3f5541]
C  [jli.dll+0x528f]
C  [ucrtbase.dll+0x21bb2]
C  [KERNEL32.DLL+0x17614]
C  [ntdll.dll+0x526a1]


---------------  P R O C E S S  ---------------

Threads class SMR info:
_java_thread_list=0x00007ff9c465efd8, length=0, elements={
}

Java Threads: ( => current thread )

Other Threads:
  0x00000258b8e52250 GCTaskThread "GC Thread#0" [stack: 0x000000d0d4400000,0x000000d0d4500000] [id=19768]
  0x00000258b8e647c0 ConcurrentGCThread "G1 Main Marker" [stack: 0x000000d0d4500000,0x000000d0d4600000] [id=5204]
  0x00000258b8e651e0 ConcurrentGCThread "G1 Conc#0" [stack: 0x000000d0d4600000,0x000000d0d4700000] [id=21160]

[error occurred during error reporting (printing all threads), id 0xc0000005, EXCEPTION_ACCESS_VIOLATION (0xc0000005) at pc=0x00007ff9c3e11547]

VM state: not at safepoint (not fully initialized)

VM Mutex/Monitor currently owned by a thread:  ([mutex/lock_event])
[0x00000258b8df2770] Heap_lock - owner thread: 0x00000258b8df6a90

Heap address: 0x0000000080000000, size: 2048 MB, Compressed Oops mode: 32-bit

CDS archive(s) mapped at: [0x0000000000000000-0x0000000000000000-0x0000000000000000), size 0, SharedBaseAddress: 0x0000000800000000, ArchiveRelocationMode: 1.
Narrow klass base: 0x0000000000000000, Narrow klass shift: 0, Narrow klass range: 0x0

GC Precious Log:
<Empty>

Heap:
 garbage-first heap   total 0K, used 0K [0x0000000080000000, 0x0000000100000000)
  region size 1024K, 0 young (0K), 0 survivors (0K)
 Metaspace       used 0K, committed 0K, reserved 0K
  class space    used 0K, committed 0K, reserved 0K

Heap Regions: E=young(eden), S=young(survivor), O=old, HS=humongous(starts), HC=humongous(continues), CS=collection set, F=free, OA=open archive, CA=closed archive, TAMS=top-at-mark-start (previous, next)

Card table byte_map: [0x00000258cb990000,0x00000258cbd90000] _byte_map_base: 0x00000258cb590000

Marking Bits (Prev, Next): (CMBitMap*) 0x00000258b8e53880, (CMBitMap*) 0x00000258b8e538c0
 Prev Bits: [0x00000258cc190000, 0x00000258ce190000)
 Next Bits: [0x00000258ce190000, 0x00000258d0190000)

GC Heap History (0 events):
No events

Dll operation events (1 events):
Event: 0.005 Loaded shared library C:\Users\zubkove\AppData\Local\JetBrains\PyCharm Community Edition 2024.1.3\jbr\bin\java.dll

Deoptimization events (0 events):
No events

Classes unloaded (0 events):
No events

Classes redefined (0 events):
No events

Internal exceptions (0 events):
No events

VM Operations (0 events):
No events

Events (0 events):
No events


Dynamic libraries:
0x00007ff6480e0000 - 0x00007ff6480ea000 	C:\Users\zubkove\AppData\Local\JetBrains\PyCharm Community Edition 2024.1.3\jbr\bin\java.exe
0x00007ff9ff330000 - 0x00007ff9ff528000 	C:\Windows\SYSTEM32\ntdll.dll
0x00007ff9fea60000 - 0x00007ff9feb1f000 	C:\Windows\System32\KERNEL32.DLL
0x00007ff9fcbd0000 - 0x00007ff9fcec6000 	C:\Windows\System32\KERNELBASE.dll
0x00007ff9fd290000 - 0x00007ff9fd390000 	C:\Windows\System32\ucrtbase.dll
0x00007ff9e8310000 - 0x00007ff9e8327000 	C:\Users\zubkove\AppData\Local\JetBrains\PyCharm Community Edition 2024.1.3\jbr\bin\jli.dll
0x00007ff9e5e40000 - 0x00007ff9e5e5b000 	C:\Users\zubkove\AppData\Local\JetBrains\PyCharm Community Edition 2024.1.3\jbr\bin\VCRUNTIME140.dll
0x00007ff9fefc0000 - 0x00007ff9ff15d000 	C:\Windows\System32\USER32.dll
0x00007ff9ee160000 - 0x00007ff9ee3fa000 	C:\Windows\WinSxS\amd64_microsoft.windows.common-controls_6595b64144ccf1df_6.0.19041.1110_none_60b5254171f9507e\COMCTL32.dll
0x00007ff9fcab0000 - 0x00007ff9fcad2000 	C:\Windows\System32\win32u.dll
0x00007ff9fe220000 - 0x00007ff9fe2be000 	C:\Windows\System32\msvcrt.dll
0x00007ff9ff160000 - 0x00007ff9ff18c000 	C:\Windows\System32\GDI32.dll
0x00007ff9fd030000 - 0x00007ff9fd145000 	C:\Windows\System32\gdi32full.dll
0x00007ff9fcae0000 - 0x00007ff9fcb7d000 	C:\Windows\System32\msvcp_win.dll
0x00007ff9fdfa0000 - 0x00007ff9fdfd0000 	C:\Windows\System32\IMM32.DLL
0x00007ff9e88e0000 - 0x00007ff9e88ec000 	C:\Users\zubkove\AppData\Local\JetBrains\PyCharm Community Edition 2024.1.3\jbr\bin\vcruntime140_1.dll
0x00007ff9d51c0000 - 0x00007ff9d524d000 	C:\Users\zubkove\AppData\Local\JetBrains\PyCharm Community Edition 2024.1.3\jbr\bin\msvcp140.dll
0x00007ff9c3b20000 - 0x00007ff9c47a3000 	C:\Users\zubkove\AppData\Local\JetBrains\PyCharm Community Edition 2024.1.3\jbr\bin\server\jvm.dll
0x00007ff9fd390000 - 0x00007ff9fd43f000 	C:\Windows\System32\ADVAPI32.dll
0x00007ff9fe180000 - 0x00007ff9fe21c000 	C:\Windows\System32\sechost.dll
0x00007ff9fe930000 - 0x00007ff9fea56000 	C:\Windows\System32\RPCRT4.dll
0x00007ff9fc880000 - 0x00007ff9fc8cb000 	C:\Windows\SYSTEM32\POWRPROF.dll
0x00007ff9efd20000 - 0x00007ff9efd29000 	C:\Windows\SYSTEM32\WSOCK32.dll
0x00007ff9f09f0000 - 0x00007ff9f0a17000 	C:\Windows\SYSTEM32\WINMM.dll
0x00007ff9ff280000 - 0x00007ff9ff2eb000 	C:\Windows\System32\WS2_32.dll
0x00007ff9f2bf0000 - 0x00007ff9f2bfa000 	C:\Windows\SYSTEM32\VERSION.dll
0x00007ff9fc850000 - 0x00007ff9fc862000 	C:\Windows\SYSTEM32\UMPDC.dll
0x00007ff9fa860000 - 0x00007ff9fa872000 	C:\Windows\SYSTEM32\kernel.appcore.dll
0x00007ff9efb50000 - 0x00007ff9efb5a000 	C:\Users\zubkove\AppData\Local\JetBrains\PyCharm Community Edition 2024.1.3\jbr\bin\jimage.dll
0x00007ff9f0b50000 - 0x00007ff9f0d34000 	C:\Windows\SYSTEM32\DBGHELP.DLL
0x00007ff9efe60000 - 0x00007ff9efe94000 	C:\Windows\SYSTEM32\dbgcore.DLL
0x00007ff9fd150000 - 0x00007ff9fd1d2000 	C:\Windows\System32\bcryptPrimitives.dll
0x00007ff9ef890000 - 0x00007ff9ef8b5000 	C:\Users\zubkove\AppData\Local\JetBrains\PyCharm Community Edition 2024.1.3\jbr\bin\java.dll

dbghelp: loaded successfully - version: 4.0.5 - missing functions: none
symbol engine: initialized successfully - sym options: 0x614 - pdb path: .;C:\Users\zubkove\AppData\Local\JetBrains\PyCharm Community Edition 2024.1.3\jbr\bin;C:\Windows\SYSTEM32;C:\Windows\WinSxS\amd64_microsoft.windows.common-controls_6595b64144ccf1df_6.0.19041.1110_none_60b5254171f9507e;C:\Users\zubkove\AppData\Local\JetBrains\PyCharm Community Edition 2024.1.3\jbr\bin\server

VM Arguments:
java_command: git4idea.http.GitAskPassApp Username for 'https://github.com': 
java_class_path (initial): C:/Users/zubkove/AppData/Local/JetBrains/PyCharm Community Edition 2024.1.3/plugins/vcs-git/lib/git4idea-rt.jar;C:/Users/zubkove/AppData/Local/JetBrains/PyCharm Community Edition 2024.1.3/lib/externalProcess-rt.jar
Launcher Type: SUN_STANDARD

[Global flags]
     intx CICompilerCount                          = 3                                         {product} {ergonomic}
     uint ConcGCThreads                            = 1                                         {product} {ergonomic}
     uint G1ConcRefinementThreads                  = 4                                         {product} {ergonomic}
   size_t G1HeapRegionSize                         = 1048576                                   {product} {ergonomic}
    uintx GCDrainStackTargetSize                   = 64                                        {product} {ergonomic}
   size_t InitialHeapSize                          = 134217728                                 {product} {ergonomic}
   size_t MarkStackSize                            = 4194304                                   {product} {ergonomic}
   size_t MaxHeapSize                              = 2147483648                                {product} {ergonomic}
   size_t MinHeapDeltaBytes                        = 1048576                                   {product} {ergonomic}
   size_t MinHeapSize                              = 8388608                                   {product} {ergonomic}
    uintx NonNMethodCodeHeapSize                   = 5832780                                {pd product} {ergonomic}
    uintx NonProfiledCodeHeapSize                  = 122912730                              {pd product} {ergonomic}
    uintx ProfiledCodeHeapSize                     = 122912730                              {pd product} {ergonomic}
    uintx ReservedCodeCacheSize                    = 251658240                              {pd product} {ergonomic}
     bool SegmentedCodeCache                       = true                                      {product} {ergonomic}
   size_t SoftMaxHeapSize                          = 2147483648                             {manageable} {ergonomic}
     bool UseCompressedClassPointers               = true                           {product lp64_product} {ergonomic}
     bool UseCompressedOops                        = true                           {product lp64_product} {ergonomic}
     bool UseG1GC                                  = true                                      {product} {ergonomic}
     bool UseLargePagesIndividualAllocation        = false                                  {pd product} {ergonomic}

Logging:
Log output configuration:
 #0: stdout all=warning uptime,level,tags
 #1: stderr all=off uptime,level,tags

Environment Variables:
PATH=C:/Program Files/Git/mingw64/libexec/git-core;C:/Program Files/Git/mingw64/libexec/git-core;C:\Program Files\Git\mingw64\bin;C:\Program Files\Git\usr\bin;C:\Users\zubkove\bin;C:\DATA\BPLAPractise\pythonProject\.venv\Scripts;C:\Windows\system32;C:\Windows;C:\Windows\System32\Wbem;C:\Windows\System32\WindowsPowerShell\v1.0\;C:\Windows\System32\OpenSSH\;C:\Program Files\Git\cmd;C:\Users\zubkove\AppData\Local\Programs\Python\Python312\Scripts\;C:\Users\zubkove\AppData\Local\Programs\Python\Python312\;C:\Users\zubkove\AppData\Local\Microsoft\WindowsApps;C:\Users\zubkove\AppData\Local\JetBrains\PyCharm Community Edition 2024.1.3\bin
USERNAME=ZubkovE
DISPLAY=:0.0
LC_ALL=en_US.UTF-8
TERM=xterm-256color
TMPDIR=C:\Users\zubkove\AppData\Local\Temp
OS=Windows_NT
PROCESSOR_IDENTIFIER=Intel64 Family 6 Model 167 Stepping 1, GenuineIntel
TMP=C:\Users\zubkove\AppData\Local\Temp
TEMP=C:\Users\zubkove\AppData\Local\Temp



Periodic native trim disabled

JNI global refs:
JNI global refs: 0, weak refs: 0

JNI global refs memory usage: 0, weak refs: 0

Process memory usage:
Resident Set Size: 10684K (0% of 8388084K total physical memory with 995384K free physical memory)

OOME stack traces (most recent first):
Classloader memory used:


---------------  S Y S T E M  ---------------

OS:
 Windows 10 , 64 bit Build 19041 (10.0.19041.2913)
OS uptime: 89 days 2:25 hours
VMWare virtualization detected

CPU: total 4 (initial active 4) (2 cores per cpu, 1 threads per core) family 6 model 167 stepping 1 microcode 0x53, cx8, cmov, fxsr, mmx, 3dnowpref, sse, sse2, sse3, ssse3, sse4.1, sse4.2, popcnt, tsc, tscinvbit, avx, aes, erms, clmul, fma, vzeroupper, clflush, hv
Processor Information for all 4 processors :
  Max Mhz: 3600, Current Mhz: 3600, Mhz Limit: 3600

Memory: 4k page, system-wide physical 8191M (972M free)
TotalPageFile size 14518M (AvailPageFile size 92M)
current process WorkingSet (physical memory assigned to process): 10M, peak: 10M
current process commit charge ("private bytes"): 51M, peak: 179M

vm_info: OpenJDK 64-Bit Server VM (17.0.11+1-b1207.24) for windows-amd64 JRE (17.0.11+1-b1207.24), built on 2024-05-15 by "builduser" with MS VC++ 16.10 / 16.11 (VS2019)

END.
