#
# There is insufficient memory for the Java Runtime Environment to continue.
# Native memory allocation (mmap) failed to map 65536 bytes. Error detail: Failed to commit metaspace.
# Possible reasons:
#   The system is out of physical RAM or swap space
#   This process is running with CompressedOops enabled, and the Java Heap may be blocking the growth of the native heap
# Possible solutions:
#   Reduce memory load on the system
#   Increase physical memory or swap space
#   Check if swap backing store is full
#   Decrease Java heap size (-Xmx/-Xms)
#   Decrease number of Java threads
#   Decrease Java thread stack sizes (-Xss)
#   Set larger code cache with -XX:ReservedCodeCacheSize=
#   JVM is running with Unscaled Compressed Oops mode in which the Java heap is
#     placed in the first 4GB address space. The Java Heap base address is the
#     maximum limit for the native heap growth. Please use -XX:HeapBaseMinAddress
#     to set the Java Heap base and to place the Java Heap above 4GB virtual address.
# This output file may be truncated or incomplete.
#
#  Out of Memory Error (virtualSpaceNode.cpp:110), pid=21712, tid=13532
#
# JRE version: OpenJDK Runtime Environment JBR-17.0.11+1-1207.24-jcef (17.0.11+1) (build 17.0.11+1-b1207.24)
# Java VM: OpenJDK 64-Bit Server VM JBR-17.0.11+1-1207.24-jcef (17.0.11+1-b1207.24, mixed mode, tiered, compressed oops, compressed class ptrs, g1 gc, windows-amd64)
# No core dump will be written. Minidumps are not enabled by default on client versions of Windows
#

---------------  S U M M A R Y ------------

Command Line: git4idea.http.GitAskPassApp Username for 'https://github.com': 

Host: 11th Gen Intel(R) Core(TM) i7-11700K @ 3.60GHz, 4 cores, 7G,  Windows 10 , 64 bit Build 19041 (10.0.19041.2913)
Time: Mon Jul 29 12:49:33 2024 RTZ 3 (s 10 , 64 bit Build 19041 (10.0.19041.2913) elapsed time: 0.355467 seconds (0d 0h 0m 0s)

---------------  T H R E A D  ---------------

Current thread (0x000001a4f9477e70):  JavaThread "main" [_thread_in_vm, id=13532, stack(0x0000008e50200000,0x0000008e50300000)]

Stack: [0x0000008e50200000,0x0000008e50300000]
Native frames: (J=compiled Java code, j=interpreted, Vv=VM code, C=native code)
V  [jvm.dll+0x6877f9]
V  [jvm.dll+0x8411aa]
V  [jvm.dll+0x842e2e]
V  [jvm.dll+0x843493]
V  [jvm.dll+0x249fdf]
V  [jvm.dll+0x83c03b]
V  [jvm.dll+0x62bc86]
V  [jvm.dll+0x62bcea]
V  [jvm.dll+0x62e51a]
V  [jvm.dll+0x62c626]
V  [jvm.dll+0x23f080]
V  [jvm.dll+0x1ed8bb]
V  [jvm.dll+0x1e31fc]
V  [jvm.dll+0x54c22c]
V  [jvm.dll+0x1f3d7b]
V  [jvm.dll+0x7b975b]
V  [jvm.dll+0x7babc9]
V  [jvm.dll+0x7baf18]
V  [jvm.dll+0x241a0e]
V  [jvm.dll+0x385eae]
C  0x000001a48754b75b

The last pc belongs to new (printed below).
Java frames: (J=compiled Java code, j=interpreted, Vv=VM code)
j  java.util.concurrent.CompletableFuture.completeAsync(Ljava/util/function/Supplier;Ljava/util/concurrent/Executor;)Ljava/util/concurrent/CompletableFuture;+17 java.base@17.0.11
j  jdk.internal.net.http.MultiExchange.responseAsync(Ljava/util/concurrent/Executor;)Ljava/util/concurrent/CompletableFuture;+29 java.net.http@17.0.11
j  jdk.internal.net.http.HttpClientImpl.sendAsync(Ljava/net/http/HttpRequest;Ljava/net/http/HttpResponse$BodyHandler;Ljava/net/http/HttpResponse$PushPromiseHandler;Ljava/util/concurrent/Executor;)Ljava/util/concurrent/CompletableFuture;+152 java.net.http@17.0.11
j  jdk.internal.net.http.HttpClientImpl.send(Ljava/net/http/HttpRequest;Ljava/net/http/HttpResponse$BodyHandler;)Ljava/net/http/HttpResponse;+21 java.net.http@17.0.11
j  jdk.internal.net.http.HttpClientFacade.send(Ljava/net/http/HttpRequest;Ljava/net/http/HttpResponse$BodyHandler;)Ljava/net/http/HttpResponse;+6 java.net.http@17.0.11
j  externalApp.ExternalAppUtil.sendIdeRequest(Ljava/lang/String;ILjava/lang/String;Ljava/lang/String;)LexternalApp/ExternalAppUtil$Result;+168
j  git4idea.http.GitAskPassApp.main([Ljava/lang/String;)V+37
v  ~StubRoutines::call_stub
new  187 new  [0x000001a48754b5c0, 0x000001a48754b7e0]  544 bytes
[MachCode]
  0x000001a48754b5c0: 4883 ec08 | c5fa 1104 | 24eb 1f48 | 83ec 10c5 | fb11 0424 | eb14 4883 | ec10 4889 | 0424 48c7 
  0x000001a48754b5e0: 4424 0800 | 0000 00eb | 0150 410f | b755 010f | cac1 ea10 | 488b 4de8 | 488b 4908 | 488b 4908 
  0x000001a48754b600: 488b 4108 | 807c 1004 | 070f 85d6 | 0000 0066 | 8b54 d148 | 488b 4928 | 488b 4cd1 | 0851 80b9 
  0x000001a48754b620: 5b01 0000 | 040f 85b9 | 0000 008b | 5108 f7c2 | 0100 0000 | 0f85 aa00 | 0000 498b | 8708 0100 
  0x000001a48754b640: 0048 8d1c | 1049 3b9f | 1801 0000 | 0f87 9200 | 0000 4989 | 9f08 0100 | 00e9 0000 | 0000 4883 
  0x000001a48754b660: ea10 0f84 | 0f00 0000 | 33c9 c1ea | 0348 894c | d008 48ff | ca75 f648 | c700 0100 | 0000 5933 
  0x000001a48754b680: f689 700c | 48c1 e903 | 8948 0849 | ba69 3a6b | c4f9 7f00 | 0041 803a | 000f 8440 | 0000 0050 
  0x000001a48754b6a0: 488b c848 | 83ec 20f7 | c40f 0000 | 000f 841a | 0000 0048 | 83ec 0849 | ba10 e220 | c4f9 7f00 
  0x000001a48754b6c0: 0041 ffd2 | 4883 c408 | e90d 0000 | 0049 ba10 | e220 c4f9 | 7f00 0041 | ffd2 4883 | c420 58e9 
  0x000001a48754b6e0: cd00 0000 | 5948 8b55 | e848 8b52 | 0848 8b52 | 0845 0fb7 | 4501 410f | c841 c1e8 | 10e8 0500 
  0x000001a48754b700: 0000 e9aa | 0000 0048 | 8d44 2408 | 4c89 6dc0 | 498b cfc5 | f877 4989 | afa8 0200 | 0049 8987 
  0x000001a48754b720: 9802 0000 | 4883 ec20 | f7c4 0f00 | 0000 0f84 | 1a00 0000 | 4883 ec08 | 49ba 605e | eac3 f97f 
  0x000001a48754b740: 0000 41ff | d248 83c4 | 08e9 0d00 | 0000 49ba | 605e eac3 | f97f 0000 | 41ff d248 | 83c4 2049 
  0x000001a48754b760: c787 9802 | 0000 0000 | 0000 49c7 | 87a8 0200 | 0000 0000 | 0049 c787 | a002 0000 | 0000 0000 
  0x000001a48754b780: c5f8 7749 | 817f 0800 | 0000 000f | 8405 0000 | 00e9 6a57 | feff 498b | 87f0 0200 | 0049 c787 
  0x000001a48754b7a0: f002 0000 | 0000 0000 | 4c8b 6dc0 | 4c8b 75c8 | c341 0fb6 | 5d03 4983 | c503 49ba | 40a7 6dc4 
  0x000001a48754b7c0: f97f 0000 | 41ff 24da | 0000 0000 | 0000 0000 | 0000 0000 | 0000 0000 | 0000 0000 | 0000 0000 
[/MachCode]

---------------  P R O C E S S  ---------------

Threads class SMR info:
_java_thread_list=0x000001a497556830, length=13, elements={
0x000001a4f9477e70, 0x000001a497013260, 0x000001a4ffced350, 0x000001a49702eb80,
0x000001a49702f640, 0x000001a497025bd0, 0x000001a497026ab0, 0x000001a4970277a0,
0x000001a497028660, 0x000001a49703fbf0, 0x000001a4971a8330, 0x000001a4971b1480,
0x000001a497534040
}

Java Threads: ( => current thread )
=>0x000001a4f9477e70 JavaThread "main" [_thread_in_vm, id=13532, stack(0x0000008e50200000,0x0000008e50300000)]
  0x000001a497013260 JavaThread "Reference Handler" daemon [_thread_blocked, id=11280, stack(0x0000008e50900000,0x0000008e50a00000)]
  0x000001a4ffced350 JavaThread "Finalizer" daemon [_thread_blocked, id=16868, stack(0x0000008e50a00000,0x0000008e50b00000)]
  0x000001a49702eb80 JavaThread "Signal Dispatcher" daemon [_thread_blocked, id=13880, stack(0x0000008e50b00000,0x0000008e50c00000)]
  0x000001a49702f640 JavaThread "Attach Listener" daemon [_thread_blocked, id=8556, stack(0x0000008e50c00000,0x0000008e50d00000)]
  0x000001a497025bd0 JavaThread "Service Thread" daemon [_thread_blocked, id=21056, stack(0x0000008e50d00000,0x0000008e50e00000)]
  0x000001a497026ab0 JavaThread "Monitor Deflation Thread" daemon [_thread_blocked, id=13564, stack(0x0000008e50e00000,0x0000008e50f00000)]
  0x000001a4970277a0 JavaThread "C2 CompilerThread0" daemon [_thread_blocked, id=21436, stack(0x0000008e50f00000,0x0000008e51000000)]
  0x000001a497028660 JavaThread "C1 CompilerThread0" daemon [_thread_blocked, id=20992, stack(0x0000008e51000000,0x0000008e51100000)]
  0x000001a49703fbf0 JavaThread "Sweeper thread" daemon [_thread_blocked, id=23232, stack(0x0000008e51100000,0x0000008e51200000)]
  0x000001a4971a8330 JavaThread "Notification Thread" daemon [_thread_blocked, id=936, stack(0x0000008e51200000,0x0000008e51300000)]
  0x000001a4971b1480 JavaThread "Common-Cleaner" daemon [_thread_blocked, id=1472, stack(0x0000008e51400000,0x0000008e51500000)]
  0x000001a497534040 JavaThread "HttpClient-1-SelectorManager" daemon [_thread_in_native, id=16316, stack(0x0000008e51500000,0x0000008e51600000)]

Other Threads:
  0x000001a4ffd1f5b0 VMThread "VM Thread" [stack: 0x0000008e50800000,0x0000008e50900000] [id=23236]
  0x000001a4971a9020 WatcherThread [stack: 0x0000008e51300000,0x0000008e51400000] [id=9936]
  0x000001a4f94d1620 GCTaskThread "GC Thread#0" [stack: 0x0000008e50300000,0x0000008e50400000] [id=17768]
  0x000001a4f94e3580 ConcurrentGCThread "G1 Main Marker" [stack: 0x0000008e50400000,0x0000008e50500000] [id=9012]
  0x000001a4f94e3fa0 ConcurrentGCThread "G1 Conc#0" [stack: 0x0000008e50500000,0x0000008e50600000] [id=19624]
  0x000001a4f953e810 ConcurrentGCThread "G1 Refine#0" [stack: 0x0000008e50600000,0x0000008e50700000] [id=10688]
  0x000001a4ffb62400 ConcurrentGCThread "G1 Service" [stack: 0x0000008e50700000,0x0000008e50800000] [id=7008]

Threads with active compile tasks:

VM state: not at safepoint (normal execution)

VM Mutex/Monitor currently owned by a thread:  ([mutex/lock_event])
[0x000001a4f9472480] Metaspace_lock - owner thread: 0x000001a4f9477e70

Heap address: 0x0000000080000000, size: 2048 MB, Compressed Oops mode: 32-bit

CDS archive(s) not mapped
Compressed class space mapped at: 0x0000000100000000-0x0000000140000000, reserved size: 1073741824
Narrow klass base: 0x0000000000000000, Narrow klass shift: 3, Narrow klass range: 0x140000000

GC Precious Log:
 CPUs: 4 total, 4 available
 Memory: 8191M
 Large Page Support: Disabled
 NUMA Support: Disabled
 Compressed Oops: Enabled (32-bit)
 Heap Region Size: 1M
 Heap Min Capacity: 8M
 Heap Initial Capacity: 128M
 Heap Max Capacity: 2G
 Pre-touch: Disabled
 Parallel Workers: 4
 Concurrent Workers: 1
 Concurrent Refinement Workers: 4
 Periodic GC: Disabled

Heap:
 garbage-first heap   total 131072K, used 8192K [0x0000000080000000, 0x0000000100000000)
  region size 1024K, 9 young (9216K), 0 survivors (0K)
 Metaspace       used 13202K, committed 13376K, reserved 1114112K
  class space    used 1294K, committed 1408K, reserved 1048576K

Heap Regions: E=young(eden), S=young(survivor), O=old, HS=humongous(starts), HC=humongous(continues), CS=collection set, F=free, OA=open archive, CA=closed archive, TAMS=top-at-mark-start (previous, next)
|   0|0x0000000080000000, 0x0000000080000000, 0x0000000080100000|  0%| F|  |TAMS 0x0000000080000000, 0x0000000080000000| Untracked 
|   1|0x0000000080100000, 0x0000000080100000, 0x0000000080200000|  0%| F|  |TAMS 0x0000000080100000, 0x0000000080100000| Untracked 
|   2|0x0000000080200000, 0x0000000080200000, 0x0000000080300000|  0%| F|  |TAMS 0x0000000080200000, 0x0000000080200000| Untracked 
|   3|0x0000000080300000, 0x0000000080300000, 0x0000000080400000|  0%| F|  |TAMS 0x0000000080300000, 0x0000000080300000| Untracked 
|   4|0x0000000080400000, 0x0000000080400000, 0x0000000080500000|  0%| F|  |TAMS 0x0000000080400000, 0x0000000080400000| Untracked 
|   5|0x0000000080500000, 0x0000000080500000, 0x0000000080600000|  0%| F|  |TAMS 0x0000000080500000, 0x0000000080500000| Untracked 
|   6|0x0000000080600000, 0x0000000080600000, 0x0000000080700000|  0%| F|  |TAMS 0x0000000080600000, 0x0000000080600000| Untracked 
|   7|0x0000000080700000, 0x0000000080700000, 0x0000000080800000|  0%| F|  |TAMS 0x0000000080700000, 0x0000000080700000| Untracked 
|   8|0x0000000080800000, 0x0000000080800000, 0x0000000080900000|  0%| F|  |TAMS 0x0000000080800000, 0x0000000080800000| Untracked 
|   9|0x0000000080900000, 0x0000000080900000, 0x0000000080a00000|  0%| F|  |TAMS 0x0000000080900000, 0x0000000080900000| Untracked 
|  10|0x0000000080a00000, 0x0000000080a00000, 0x0000000080b00000|  0%| F|  |TAMS 0x0000000080a00000, 0x0000000080a00000| Untracked 
|  11|0x0000000080b00000, 0x0000000080b00000, 0x0000000080c00000|  0%| F|  |TAMS 0x0000000080b00000, 0x0000000080b00000| Untracked 
|  12|0x0000000080c00000, 0x0000000080c00000, 0x0000000080d00000|  0%| F|  |TAMS 0x0000000080c00000, 0x0000000080c00000| Untracked 
|  13|0x0000000080d00000, 0x0000000080d00000, 0x0000000080e00000|  0%| F|  |TAMS 0x0000000080d00000, 0x0000000080d00000| Untracked 
|  14|0x0000000080e00000, 0x0000000080e00000, 0x0000000080f00000|  0%| F|  |TAMS 0x0000000080e00000, 0x0000000080e00000| Untracked 
|  15|0x0000000080f00000, 0x0000000080f00000, 0x0000000081000000|  0%| F|  |TAMS 0x0000000080f00000, 0x0000000080f00000| Untracked 
|  16|0x0000000081000000, 0x0000000081000000, 0x0000000081100000|  0%| F|  |TAMS 0x0000000081000000, 0x0000000081000000| Untracked 
|  17|0x0000000081100000, 0x0000000081100000, 0x0000000081200000|  0%| F|  |TAMS 0x0000000081100000, 0x0000000081100000| Untracked 
|  18|0x0000000081200000, 0x0000000081200000, 0x0000000081300000|  0%| F|  |TAMS 0x0000000081200000, 0x0000000081200000| Untracked 
|  19|0x0000000081300000, 0x0000000081300000, 0x0000000081400000|  0%| F|  |TAMS 0x0000000081300000, 0x0000000081300000| Untracked 
|  20|0x0000000081400000, 0x0000000081400000, 0x0000000081500000|  0%| F|  |TAMS 0x0000000081400000, 0x0000000081400000| Untracked 
|  21|0x0000000081500000, 0x0000000081500000, 0x0000000081600000|  0%| F|  |TAMS 0x0000000081500000, 0x0000000081500000| Untracked 
|  22|0x0000000081600000, 0x0000000081600000, 0x0000000081700000|  0%| F|  |TAMS 0x0000000081600000, 0x0000000081600000| Untracked 
|  23|0x0000000081700000, 0x0000000081700000, 0x0000000081800000|  0%| F|  |TAMS 0x0000000081700000, 0x0000000081700000| Untracked 
|  24|0x0000000081800000, 0x0000000081800000, 0x0000000081900000|  0%| F|  |TAMS 0x0000000081800000, 0x0000000081800000| Untracked 
|  25|0x0000000081900000, 0x0000000081900000, 0x0000000081a00000|  0%| F|  |TAMS 0x0000000081900000, 0x0000000081900000| Untracked 
|  26|0x0000000081a00000, 0x0000000081a00000, 0x0000000081b00000|  0%| F|  |TAMS 0x0000000081a00000, 0x0000000081a00000| Untracked 
|  27|0x0000000081b00000, 0x0000000081b00000, 0x0000000081c00000|  0%| F|  |TAMS 0x0000000081b00000, 0x0000000081b00000| Untracked 
|  28|0x0000000081c00000, 0x0000000081c00000, 0x0000000081d00000|  0%| F|  |TAMS 0x0000000081c00000, 0x0000000081c00000| Untracked 
|  29|0x0000000081d00000, 0x0000000081d00000, 0x0000000081e00000|  0%| F|  |TAMS 0x0000000081d00000, 0x0000000081d00000| Untracked 
|  30|0x0000000081e00000, 0x0000000081e00000, 0x0000000081f00000|  0%| F|  |TAMS 0x0000000081e00000, 0x0000000081e00000| Untracked 
|  31|0x0000000081f00000, 0x0000000081f00000, 0x0000000082000000|  0%| F|  |TAMS 0x0000000081f00000, 0x0000000081f00000| Untracked 
|  32|0x0000000082000000, 0x0000000082000000, 0x0000000082100000|  0%| F|  |TAMS 0x0000000082000000, 0x0000000082000000| Untracked 
|  33|0x0000000082100000, 0x0000000082100000, 0x0000000082200000|  0%| F|  |TAMS 0x0000000082100000, 0x0000000082100000| Untracked 
|  34|0x0000000082200000, 0x0000000082200000, 0x0000000082300000|  0%| F|  |TAMS 0x0000000082200000, 0x0000000082200000| Untracked 
|  35|0x0000000082300000, 0x0000000082300000, 0x0000000082400000|  0%| F|  |TAMS 0x0000000082300000, 0x0000000082300000| Untracked 
|  36|0x0000000082400000, 0x0000000082400000, 0x0000000082500000|  0%| F|  |TAMS 0x0000000082400000, 0x0000000082400000| Untracked 
|  37|0x0000000082500000, 0x0000000082500000, 0x0000000082600000|  0%| F|  |TAMS 0x0000000082500000, 0x0000000082500000| Untracked 
|  38|0x0000000082600000, 0x0000000082600000, 0x0000000082700000|  0%| F|  |TAMS 0x0000000082600000, 0x0000000082600000| Untracked 
|  39|0x0000000082700000, 0x0000000082700000, 0x0000000082800000|  0%| F|  |TAMS 0x0000000082700000, 0x0000000082700000| Untracked 
|  40|0x0000000082800000, 0x0000000082800000, 0x0000000082900000|  0%| F|  |TAMS 0x0000000082800000, 0x0000000082800000| Untracked 
|  41|0x0000000082900000, 0x0000000082900000, 0x0000000082a00000|  0%| F|  |TAMS 0x0000000082900000, 0x0000000082900000| Untracked 
|  42|0x0000000082a00000, 0x0000000082a00000, 0x0000000082b00000|  0%| F|  |TAMS 0x0000000082a00000, 0x0000000082a00000| Untracked 
|  43|0x0000000082b00000, 0x0000000082b00000, 0x0000000082c00000|  0%| F|  |TAMS 0x0000000082b00000, 0x0000000082b00000| Untracked 
|  44|0x0000000082c00000, 0x0000000082c00000, 0x0000000082d00000|  0%| F|  |TAMS 0x0000000082c00000, 0x0000000082c00000| Untracked 
|  45|0x0000000082d00000, 0x0000000082d00000, 0x0000000082e00000|  0%| F|  |TAMS 0x0000000082d00000, 0x0000000082d00000| Untracked 
|  46|0x0000000082e00000, 0x0000000082e00000, 0x0000000082f00000|  0%| F|  |TAMS 0x0000000082e00000, 0x0000000082e00000| Untracked 
|  47|0x0000000082f00000, 0x0000000082f00000, 0x0000000083000000|  0%| F|  |TAMS 0x0000000082f00000, 0x0000000082f00000| Untracked 
|  48|0x0000000083000000, 0x0000000083000000, 0x0000000083100000|  0%| F|  |TAMS 0x0000000083000000, 0x0000000083000000| Untracked 
|  49|0x0000000083100000, 0x0000000083100000, 0x0000000083200000|  0%| F|  |TAMS 0x0000000083100000, 0x0000000083100000| Untracked 
|  50|0x0000000083200000, 0x0000000083200000, 0x0000000083300000|  0%| F|  |TAMS 0x0000000083200000, 0x0000000083200000| Untracked 
|  51|0x0000000083300000, 0x0000000083300000, 0x0000000083400000|  0%| F|  |TAMS 0x0000000083300000, 0x0000000083300000| Untracked 
|  52|0x0000000083400000, 0x0000000083400000, 0x0000000083500000|  0%| F|  |TAMS 0x0000000083400000, 0x0000000083400000| Untracked 
|  53|0x0000000083500000, 0x0000000083500000, 0x0000000083600000|  0%| F|  |TAMS 0x0000000083500000, 0x0000000083500000| Untracked 
|  54|0x0000000083600000, 0x0000000083600000, 0x0000000083700000|  0%| F|  |TAMS 0x0000000083600000, 0x0000000083600000| Untracked 
|  55|0x0000000083700000, 0x0000000083700000, 0x0000000083800000|  0%| F|  |TAMS 0x0000000083700000, 0x0000000083700000| Untracked 
|  56|0x0000000083800000, 0x0000000083800000, 0x0000000083900000|  0%| F|  |TAMS 0x0000000083800000, 0x0000000083800000| Untracked 
|  57|0x0000000083900000, 0x0000000083900000, 0x0000000083a00000|  0%| F|  |TAMS 0x0000000083900000, 0x0000000083900000| Untracked 
|  58|0x0000000083a00000, 0x0000000083a00000, 0x0000000083b00000|  0%| F|  |TAMS 0x0000000083a00000, 0x0000000083a00000| Untracked 
|  59|0x0000000083b00000, 0x0000000083b00000, 0x0000000083c00000|  0%| F|  |TAMS 0x0000000083b00000, 0x0000000083b00000| Untracked 
|  60|0x0000000083c00000, 0x0000000083c00000, 0x0000000083d00000|  0%| F|  |TAMS 0x0000000083c00000, 0x0000000083c00000| Untracked 
|  61|0x0000000083d00000, 0x0000000083d00000, 0x0000000083e00000|  0%| F|  |TAMS 0x0000000083d00000, 0x0000000083d00000| Untracked 
|  62|0x0000000083e00000, 0x0000000083e00000, 0x0000000083f00000|  0%| F|  |TAMS 0x0000000083e00000, 0x0000000083e00000| Untracked 
|  63|0x0000000083f00000, 0x0000000083f00000, 0x0000000084000000|  0%| F|  |TAMS 0x0000000083f00000, 0x0000000083f00000| Untracked 
|  64|0x0000000084000000, 0x0000000084000000, 0x0000000084100000|  0%| F|  |TAMS 0x0000000084000000, 0x0000000084000000| Untracked 
|  65|0x0000000084100000, 0x0000000084100000, 0x0000000084200000|  0%| F|  |TAMS 0x0000000084100000, 0x0000000084100000| Untracked 
|  66|0x0000000084200000, 0x0000000084200000, 0x0000000084300000|  0%| F|  |TAMS 0x0000000084200000, 0x0000000084200000| Untracked 
|  67|0x0000000084300000, 0x0000000084300000, 0x0000000084400000|  0%| F|  |TAMS 0x0000000084300000, 0x0000000084300000| Untracked 
|  68|0x0000000084400000, 0x0000000084400000, 0x0000000084500000|  0%| F|  |TAMS 0x0000000084400000, 0x0000000084400000| Untracked 
|  69|0x0000000084500000, 0x0000000084500000, 0x0000000084600000|  0%| F|  |TAMS 0x0000000084500000, 0x0000000084500000| Untracked 
|  70|0x0000000084600000, 0x0000000084600000, 0x0000000084700000|  0%| F|  |TAMS 0x0000000084600000, 0x0000000084600000| Untracked 
|  71|0x0000000084700000, 0x0000000084700000, 0x0000000084800000|  0%| F|  |TAMS 0x0000000084700000, 0x0000000084700000| Untracked 
|  72|0x0000000084800000, 0x0000000084800000, 0x0000000084900000|  0%| F|  |TAMS 0x0000000084800000, 0x0000000084800000| Untracked 
|  73|0x0000000084900000, 0x0000000084900000, 0x0000000084a00000|  0%| F|  |TAMS 0x0000000084900000, 0x0000000084900000| Untracked 
|  74|0x0000000084a00000, 0x0000000084a00000, 0x0000000084b00000|  0%| F|  |TAMS 0x0000000084a00000, 0x0000000084a00000| Untracked 
|  75|0x0000000084b00000, 0x0000000084b00000, 0x0000000084c00000|  0%| F|  |TAMS 0x0000000084b00000, 0x0000000084b00000| Untracked 
|  76|0x0000000084c00000, 0x0000000084c00000, 0x0000000084d00000|  0%| F|  |TAMS 0x0000000084c00000, 0x0000000084c00000| Untracked 
|  77|0x0000000084d00000, 0x0000000084d00000, 0x0000000084e00000|  0%| F|  |TAMS 0x0000000084d00000, 0x0000000084d00000| Untracked 
|  78|0x0000000084e00000, 0x0000000084e00000, 0x0000000084f00000|  0%| F|  |TAMS 0x0000000084e00000, 0x0000000084e00000| Untracked 
|  79|0x0000000084f00000, 0x0000000084f00000, 0x0000000085000000|  0%| F|  |TAMS 0x0000000084f00000, 0x0000000084f00000| Untracked 
|  80|0x0000000085000000, 0x0000000085000000, 0x0000000085100000|  0%| F|  |TAMS 0x0000000085000000, 0x0000000085000000| Untracked 
|  81|0x0000000085100000, 0x0000000085100000, 0x0000000085200000|  0%| F|  |TAMS 0x0000000085100000, 0x0000000085100000| Untracked 
|  82|0x0000000085200000, 0x0000000085200000, 0x0000000085300000|  0%| F|  |TAMS 0x0000000085200000, 0x0000000085200000| Untracked 
|  83|0x0000000085300000, 0x0000000085300000, 0x0000000085400000|  0%| F|  |TAMS 0x0000000085300000, 0x0000000085300000| Untracked 
|  84|0x0000000085400000, 0x0000000085400000, 0x0000000085500000|  0%| F|  |TAMS 0x0000000085400000, 0x0000000085400000| Untracked 
|  85|0x0000000085500000, 0x0000000085500000, 0x0000000085600000|  0%| F|  |TAMS 0x0000000085500000, 0x0000000085500000| Untracked 
|  86|0x0000000085600000, 0x0000000085600000, 0x0000000085700000|  0%| F|  |TAMS 0x0000000085600000, 0x0000000085600000| Untracked 
|  87|0x0000000085700000, 0x0000000085700000, 0x0000000085800000|  0%| F|  |TAMS 0x0000000085700000, 0x0000000085700000| Untracked 
|  88|0x0000000085800000, 0x0000000085800000, 0x0000000085900000|  0%| F|  |TAMS 0x0000000085800000, 0x0000000085800000| Untracked 
|  89|0x0000000085900000, 0x0000000085900000, 0x0000000085a00000|  0%| F|  |TAMS 0x0000000085900000, 0x0000000085900000| Untracked 
|  90|0x0000000085a00000, 0x0000000085a00000, 0x0000000085b00000|  0%| F|  |TAMS 0x0000000085a00000, 0x0000000085a00000| Untracked 
|  91|0x0000000085b00000, 0x0000000085b00000, 0x0000000085c00000|  0%| F|  |TAMS 0x0000000085b00000, 0x0000000085b00000| Untracked 
|  92|0x0000000085c00000, 0x0000000085c00000, 0x0000000085d00000|  0%| F|  |TAMS 0x0000000085c00000, 0x0000000085c00000| Untracked 
|  93|0x0000000085d00000, 0x0000000085d00000, 0x0000000085e00000|  0%| F|  |TAMS 0x0000000085d00000, 0x0000000085d00000| Untracked 
|  94|0x0000000085e00000, 0x0000000085e00000, 0x0000000085f00000|  0%| F|  |TAMS 0x0000000085e00000, 0x0000000085e00000| Untracked 
|  95|0x0000000085f00000, 0x0000000085f00000, 0x0000000086000000|  0%| F|  |TAMS 0x0000000085f00000, 0x0000000085f00000| Untracked 
|  96|0x0000000086000000, 0x0000000086000000, 0x0000000086100000|  0%| F|  |TAMS 0x0000000086000000, 0x0000000086000000| Untracked 
|  97|0x0000000086100000, 0x0000000086100000, 0x0000000086200000|  0%| F|  |TAMS 0x0000000086100000, 0x0000000086100000| Untracked 
|  98|0x0000000086200000, 0x0000000086200000, 0x0000000086300000|  0%| F|  |TAMS 0x0000000086200000, 0x0000000086200000| Untracked 
|  99|0x0000000086300000, 0x0000000086300000, 0x0000000086400000|  0%| F|  |TAMS 0x0000000086300000, 0x0000000086300000| Untracked 
| 100|0x0000000086400000, 0x0000000086400000, 0x0000000086500000|  0%| F|  |TAMS 0x0000000086400000, 0x0000000086400000| Untracked 
| 101|0x0000000086500000, 0x0000000086500000, 0x0000000086600000|  0%| F|  |TAMS 0x0000000086500000, 0x0000000086500000| Untracked 
| 102|0x0000000086600000, 0x0000000086600000, 0x0000000086700000|  0%| F|  |TAMS 0x0000000086600000, 0x0000000086600000| Untracked 
| 103|0x0000000086700000, 0x0000000086700000, 0x0000000086800000|  0%| F|  |TAMS 0x0000000086700000, 0x0000000086700000| Untracked 
| 104|0x0000000086800000, 0x0000000086800000, 0x0000000086900000|  0%| F|  |TAMS 0x0000000086800000, 0x0000000086800000| Untracked 
| 105|0x0000000086900000, 0x0000000086900000, 0x0000000086a00000|  0%| F|  |TAMS 0x0000000086900000, 0x0000000086900000| Untracked 
| 106|0x0000000086a00000, 0x0000000086a00000, 0x0000000086b00000|  0%| F|  |TAMS 0x0000000086a00000, 0x0000000086a00000| Untracked 
| 107|0x0000000086b00000, 0x0000000086b00000, 0x0000000086c00000|  0%| F|  |TAMS 0x0000000086b00000, 0x0000000086b00000| Untracked 
| 108|0x0000000086c00000, 0x0000000086c00000, 0x0000000086d00000|  0%| F|  |TAMS 0x0000000086c00000, 0x0000000086c00000| Untracked 
| 109|0x0000000086d00000, 0x0000000086d00000, 0x0000000086e00000|  0%| F|  |TAMS 0x0000000086d00000, 0x0000000086d00000| Untracked 
| 110|0x0000000086e00000, 0x0000000086e00000, 0x0000000086f00000|  0%| F|  |TAMS 0x0000000086e00000, 0x0000000086e00000| Untracked 
| 111|0x0000000086f00000, 0x0000000086f00000, 0x0000000087000000|  0%| F|  |TAMS 0x0000000086f00000, 0x0000000086f00000| Untracked 
| 112|0x0000000087000000, 0x0000000087000000, 0x0000000087100000|  0%| F|  |TAMS 0x0000000087000000, 0x0000000087000000| Untracked 
| 113|0x0000000087100000, 0x0000000087100000, 0x0000000087200000|  0%| F|  |TAMS 0x0000000087100000, 0x0000000087100000| Untracked 
| 114|0x0000000087200000, 0x0000000087200000, 0x0000000087300000|  0%| F|  |TAMS 0x0000000087200000, 0x0000000087200000| Untracked 
| 115|0x0000000087300000, 0x0000000087300000, 0x0000000087400000|  0%| F|  |TAMS 0x0000000087300000, 0x0000000087300000| Untracked 
| 116|0x0000000087400000, 0x0000000087400000, 0x0000000087500000|  0%| F|  |TAMS 0x0000000087400000, 0x0000000087400000| Untracked 
| 117|0x0000000087500000, 0x0000000087500000, 0x0000000087600000|  0%| F|  |TAMS 0x0000000087500000, 0x0000000087500000| Untracked 
| 118|0x0000000087600000, 0x0000000087600000, 0x0000000087700000|  0%| F|  |TAMS 0x0000000087600000, 0x0000000087600000| Untracked 
| 119|0x0000000087700000, 0x000000008775ce20, 0x0000000087800000| 36%| E|  |TAMS 0x0000000087700000, 0x0000000087700000| Complete 
| 120|0x0000000087800000, 0x0000000087900000, 0x0000000087900000|100%| E|CS|TAMS 0x0000000087800000, 0x0000000087800000| Complete 
| 121|0x0000000087900000, 0x0000000087a00000, 0x0000000087a00000|100%| E|CS|TAMS 0x0000000087900000, 0x0000000087900000| Complete 
| 122|0x0000000087a00000, 0x0000000087b00000, 0x0000000087b00000|100%| E|CS|TAMS 0x0000000087a00000, 0x0000000087a00000| Complete 
| 123|0x0000000087b00000, 0x0000000087c00000, 0x0000000087c00000|100%| E|CS|TAMS 0x0000000087b00000, 0x0000000087b00000| Complete 
| 124|0x0000000087c00000, 0x0000000087d00000, 0x0000000087d00000|100%| E|CS|TAMS 0x0000000087c00000, 0x0000000087c00000| Complete 
| 125|0x0000000087d00000, 0x0000000087e00000, 0x0000000087e00000|100%| E|CS|TAMS 0x0000000087d00000, 0x0000000087d00000| Complete 
| 126|0x0000000087e00000, 0x0000000087f00000, 0x0000000087f00000|100%| E|CS|TAMS 0x0000000087e00000, 0x0000000087e00000| Complete 
| 127|0x0000000087f00000, 0x0000000088000000, 0x0000000088000000|100%| E|CS|TAMS 0x0000000087f00000, 0x0000000087f00000| Complete 

Card table byte_map: [0x000001a4fd010000,0x000001a4fd410000] _byte_map_base: 0x000001a4fcc10000

Marking Bits (Prev, Next): (CMBitMap*) 0x000001a4f94d2c50, (CMBitMap*) 0x000001a4f94d2c90
 Prev Bits: [0x000001a4fd810000, 0x000001a4ff810000)
 Next Bits: [0x000001a48f000000, 0x000001a491000000)

Polling page: 0x000001a4f73a0000

Metaspace:

Usage:
  Non-class:     11.63 MB used.
      Class:      1.26 MB used.
       Both:     12.89 MB used.

Virtual space:
  Non-class space:       64.00 MB reserved,      11.69 MB ( 18%) committed,  1 nodes.
      Class space:        1.00 GB reserved,       1.38 MB ( <1%) committed,  1 nodes.
             Both:        1.06 GB reserved,      13.06 MB (  1%) committed. 

Chunk freelists:
   Non-Class:  4.09 MB
       Class:  14.67 MB
        Both:  18.77 MB

MaxMetaspaceSize: unlimited
CompressedClassSpaceSize: 1.00 GB
Initial GC threshold: 21.00 MB
Current GC threshold: 21.00 MB
CDS: off
MetaspaceReclaimPolicy: balanced
 - commit_granule_bytes: 65536.
 - commit_granule_words: 8192.
 - virtual_space_node_default_size: 8388608.
 - enlarge_chunks_in_place: 1.
 - new_chunks_are_fully_committed: 0.
 - uncommit_free_chunks: 1.
 - use_allocation_guard: 0.
 - handle_deallocations: 1.


Internal statistics:

num_allocs_failed_limit: 0.
num_arena_births: 62.
num_arena_deaths: 0.
num_vsnodes_births: 2.
num_vsnodes_deaths: 0.
num_space_committed: 209.
num_space_uncommitted: 0.
num_chunks_returned_to_freelist: 0.
num_chunks_taken_from_freelist: 139.
num_chunk_merges: 0.
num_chunk_splits: 82.
num_chunks_enlarged: 52.
num_inconsistent_stats: 0.

CodeHeap 'non-profiled nmethods': size=120000Kb used=197Kb max_used=197Kb free=119802Kb
 bounds [0x000001a487ad0000, 0x000001a487d40000, 0x000001a48f000000]
CodeHeap 'profiled nmethods': size=120000Kb used=1083Kb max_used=1083Kb free=118916Kb
 bounds [0x000001a480000000, 0x000001a480270000, 0x000001a487530000]
CodeHeap 'non-nmethods': size=5760Kb used=1168Kb max_used=1182Kb free=4592Kb
 bounds [0x000001a487530000, 0x000001a4877a0000, 0x000001a487ad0000]
 total_blobs=1172 nmethods=712 adapters=373
 compilation: enabled
              stopped_count=0, restarted_count=0
 full_count=0

Compilation events (20 events):
Event: 0.348 Thread 0x000001a497028660 nmethod 700 0x000001a48010a110 code [0x000001a48010a2c0, 0x000001a48010a448]
Event: 0.350 Thread 0x000001a497028660  701       3       java.lang.invoke.MethodHandles$Lookup::isClassAccessible (53 bytes)
Event: 0.350 Thread 0x000001a497028660 nmethod 701 0x000001a48010a510 code [0x000001a48010a720, 0x000001a48010acf8]
Event: 0.350 Thread 0x000001a497028660  704       3       java.nio.MappedByteBuffer::position (8 bytes)
Event: 0.350 Thread 0x000001a497028660 nmethod 704 0x000001a48010af10 code [0x000001a48010b0c0, 0x000001a48010b268]
Event: 0.350 Thread 0x000001a497028660  705       3       java.util.Locale::getDefault (4 bytes)
Event: 0.350 Thread 0x000001a497028660 nmethod 705 0x000001a48010b310 code [0x000001a48010b4a0, 0x000001a48010b598]
Event: 0.350 Thread 0x000001a497028660  706       3       java.lang.invoke.MethodHandles$Lookup::checkAccess (232 bytes)
Event: 0.351 Thread 0x000001a4970277a0  710       4       java.lang.StringLatin1::indexOfChar (33 bytes)
Event: 0.351 Thread 0x000001a497028660 nmethod 706 0x000001a48010b610 code [0x000001a48010b900, 0x000001a48010c998]
Event: 0.351 Thread 0x000001a497028660  711       3       jdk.internal.org.objectweb.asm.SymbolTable::addConstantNameAndType (137 bytes)
Event: 0.351 Thread 0x000001a497028660 nmethod 711 0x000001a48010ce10 code [0x000001a48010d060, 0x000001a48010d788]
Event: 0.351 Thread 0x000001a497028660  707       3       jdk.internal.org.objectweb.asm.MethodWriter::visitInsn (115 bytes)
Event: 0.351 Thread 0x000001a497028660 nmethod 707 0x000001a48010db90 code [0x000001a48010dd60, 0x000001a48010e188]
Event: 0.351 Thread 0x000001a497028660  712       3       jdk.internal.org.objectweb.asm.SymbolTable$Entry::<init> (20 bytes)
Event: 0.352 Thread 0x000001a497028660 nmethod 712 0x000001a48010e310 code [0x000001a48010e4a0, 0x000001a48010e5e8]
Event: 0.352 Thread 0x000001a497028660  708       3       java.lang.invoke.MemberName::<init> (50 bytes)
Event: 0.352 Thread 0x000001a497028660 nmethod 708 0x000001a48010e690 code [0x000001a48010e860, 0x000001a48010eb78]
Event: 0.352 Thread 0x000001a497028660  709       1       java.lang.invoke.InfoFromMemberName::getReferenceKind (5 bytes)
Event: 0.352 Thread 0x000001a497028660 nmethod 709 0x000001a487b00d90 code [0x000001a487b00f20, 0x000001a487b00ff8]

GC Heap History (0 events):
No events

Dll operation events (1 events):
Event: 0.004 Loaded shared library C:\Users\zubkove\AppData\Local\JetBrains\PyCharm Community Edition 2024.1.3\jbr\bin\java.dll

Deoptimization events (10 events):
Event: 0.301 Thread 0x000001a4f9477e70 Uncommon trap: trap_request=0xffffff45 fr.pc=0x000001a487aead84 relative=0x0000000000000204
Event: 0.301 Thread 0x000001a4f9477e70 Uncommon trap: reason=unstable_if action=reinterpret pc=0x000001a487aead84 method=java.util.HashMap.putVal(ILjava/lang/Object;Ljava/lang/Object;ZZ)Ljava/lang/Object; @ 162 c2
Event: 0.301 Thread 0x000001a4f9477e70 DEOPT PACKING pc=0x000001a487aead84 sp=0x0000008e502fbc40
Event: 0.301 Thread 0x000001a4f9477e70 DEOPT UNPACKING pc=0x000001a4875869a3 sp=0x0000008e502fbbe0 mode 2
Event: 0.319 Thread 0x000001a4f9477e70 DEOPT PACKING pc=0x000001a4800168e7 sp=0x0000008e502f9740
Event: 0.319 Thread 0x000001a4f9477e70 DEOPT UNPACKING pc=0x000001a487587143 sp=0x0000008e502f8b60 mode 0
Event: 0.332 Thread 0x000001a4f9477e70 Uncommon trap: trap_request=0xffffff45 fr.pc=0x000001a487ae8a5c relative=0x00000000000003bc
Event: 0.332 Thread 0x000001a4f9477e70 Uncommon trap: reason=unstable_if action=reinterpret pc=0x000001a487ae8a5c method=java.lang.StringLatin1.newString([BII)Ljava/lang/String; @ 1 c2
Event: 0.332 Thread 0x000001a4f9477e70 DEOPT PACKING pc=0x000001a487ae8a5c sp=0x0000008e502fe840
Event: 0.332 Thread 0x000001a4f9477e70 DEOPT UNPACKING pc=0x000001a4875869a3 sp=0x0000008e502fe808 mode 2

Classes unloaded (0 events):
No events

Classes redefined (0 events):
No events

Internal exceptions (17 events):
Event: 0.171 Thread 0x000001a4f9477e70 Exception <a 'sun/nio/fs/WindowsException'{0x0000000087dbe988}> (0x0000000087dbe988) 
thrown [s\src\hotspot\share\prims\jni.cpp, line 531]
Event: 0.183 Thread 0x000001a4f9477e70 Exception <a 'java/lang/NoSuchMethodError'{0x0000000087dea768}: 'int java.lang.invoke.DirectMethodHandle$Holder.invokeStaticInit(java.lang.Object, java.lang.Object, java.lang.Object, java.lang.Object)'> (0x0000000087dea768) 
thrown [s\src\hotspot\share\interpreter\linkResolver.cpp, line 771]
Event: 0.184 Thread 0x000001a4f9477e70 Exception <a 'java/lang/NoSuchMethodError'{0x0000000087df53c8}: 'java.lang.Object java.lang.invoke.DirectMethodHandle$Holder.invokeInterface(java.lang.Object, java.lang.Object)'> (0x0000000087df53c8) 
thrown [s\src\hotspot\share\interpreter\linkResolver.cpp, line 771]
Event: 0.185 Thread 0x000001a4f9477e70 Exception <a 'java/lang/IncompatibleClassChangeError'{0x0000000087df8ce8}: Found class java.lang.Object, but interface was expected> (0x0000000087df8ce8) 
thrown [s\src\hotspot\share\interpreter\linkResolver.cpp, line 838]
Event: 0.185 Thread 0x000001a4f9477e70 Exception <a 'java/lang/NoSuchMethodError'{0x0000000087dfc098}: 'void java.lang.invoke.DirectMethodHandle$Holder.invokeStatic(java.lang.Object, java.lang.Object)'> (0x0000000087dfc098) 
thrown [s\src\hotspot\share\interpreter\linkResolver.cpp, line 771]
Event: 0.185 Thread 0x000001a4f9477e70 Exception <a 'java/lang/NoSuchMethodError'{0x0000000087dff9f0}: 'void java.lang.invoke.DirectMethodHandle$Holder.invokeStaticInit(java.lang.Object, java.lang.Object)'> (0x0000000087dff9f0) 
thrown [s\src\hotspot\share\interpreter\linkResolver.cpp, line 771]
Event: 0.186 Thread 0x000001a4f9477e70 Exception <a 'java/lang/NoSuchMethodError'{0x0000000087c06a40}: 'int java.lang.invoke.DirectMethodHandle$Holder.invokeStaticInit(java.lang.Object, java.lang.Object)'> (0x0000000087c06a40) 
thrown [s\src\hotspot\share\interpreter\linkResolver.cpp, line 771]
Event: 0.221 Thread 0x000001a4f9477e70 Exception <a 'java/lang/NoSuchMethodError'{0x0000000087ced5a0}: 'java.lang.Object java.lang.invoke.DirectMethodHandle$Holder.invokeStaticInit(java.lang.Object, int, int, int, int)'> (0x0000000087ced5a0) 
thrown [s\src\hotspot\share\interpreter\linkResolver.cpp, line 771]
Event: 0.253 Thread 0x000001a4f9477e70 Exception <a 'java/lang/NoSuchMethodError'{0x0000000087b7cd80}: 'java.lang.Object java.lang.invoke.DirectMethodHandle$Holder.invokeStaticInit(java.lang.Object, java.lang.Object, int, int, int, int)'> (0x0000000087b7cd80) 
thrown [s\src\hotspot\share\interpreter\linkResolver.cpp, line 771]
Event: 0.260 Thread 0x000001a4f9477e70 Exception <a 'java/lang/NoSuchMethodError'{0x0000000087bc8ea8}: 'java.lang.Object java.lang.invoke.DirectMethodHandle$Holder.invokeStatic(java.lang.Object, java.lang.Object, int)'> (0x0000000087bc8ea8) 
thrown [s\src\hotspot\share\interpreter\linkResolver.cpp, line 771]
Event: 0.260 Thread 0x000001a4f9477e70 Exception <a 'java/lang/NoSuchMethodError'{0x0000000087bea0f0}: 'java.lang.Object java.lang.invoke.DirectMethodHandle$Holder.invokeStaticInit(java.lang.Object, java.lang.Object, int)'> (0x0000000087bea0f0) 
thrown [s\src\hotspot\share\interpreter\linkResolver.cpp, line 771]
Event: 0.261 Thread 0x000001a4f9477e70 Exception <a 'java/lang/NoSuchMethodError'{0x0000000087bf04a0}: 'java.lang.Object java.lang.invoke.DirectMethodHandle$Holder.newInvokeSpecial(java.lang.Object, java.lang.Object, int)'> (0x0000000087bf04a0) 
thrown [s\src\hotspot\share\interpreter\linkResolver.cpp, line 771]
Event: 0.263 Thread 0x000001a4f9477e70 Exception <a 'java/lang/NoSuchMethodError'{0x0000000087bffd70}: 'int java.lang.invoke.DirectMethodHandle$Holder.invokeStaticInit(java.lang.Object, java.lang.Object, java.lang.Object)'> (0x0000000087bffd70) 
thrown [s\src\hotspot\share\interpreter\linkResolver.cpp, line 771]
Event: 0.265 Thread 0x000001a4f9477e70 Exception <a 'java/lang/NoSuchMethodError'{0x0000000087a10470}: 'int java.lang.invoke.DirectMethodHandle$Holder.invokeSpecial(java.lang.Object, java.lang.Object, java.lang.Object)'> (0x0000000087a10470) 
thrown [s\src\hotspot\share\interpreter\linkResolver.cpp, line 771]
Event: 0.265 Thread 0x000001a4f9477e70 Exception <a 'java/lang/NoSuchMethodError'{0x0000000087a18850}: 'int java.lang.invoke.DirectMethodHandle$Holder.invokeSpecialIFC(java.lang.Object, java.lang.Object, java.lang.Object)'> (0x0000000087a18850) 
thrown [s\src\hotspot\share\interpreter\linkResolver.cpp, line 771]
Event: 0.287 Thread 0x000001a4f9477e70 Exception <a 'java/lang/NoSuchMethodError'{0x0000000087aa4df8}: 'java.lang.Object java.lang.invoke.DirectMethodHandle$Holder.invokeStaticInit(java.lang.Object)'> (0x0000000087aa4df8) 
thrown [s\src\hotspot\share\interpreter\linkResolver.cpp, line 771]
Event: 0.339 Thread 0x000001a4f9477e70 Exception <a 'java/lang/NoSuchMethodError'{0x00000000878653f8}: 'java.lang.Object java.lang.invoke.DirectMethodHandle$Holder.newInvokeSpecial(java.lang.Object, java.lang.Object, java.lang.Object, java.lang.Object, java.lang.Object)'> (0x00000000878653f8) 
thrown [s\src\hotspot\share\interpreter\linkResolver.cpp, line 771]

VM Operations (8 events):
Event: 0.084 Executing VM operation: HandshakeAllThreads
Event: 0.084 Executing VM operation: HandshakeAllThreads done
Event: 0.094 Executing VM operation: HandshakeAllThreads
Event: 0.094 Executing VM operation: HandshakeAllThreads done
Event: 0.232 Executing VM operation: HandshakeAllThreads
Event: 0.232 Executing VM operation: HandshakeAllThreads done
Event: 0.288 Executing VM operation: HandshakeAllThreads
Event: 0.288 Executing VM operation: HandshakeAllThreads done

Events (20 events):
Event: 0.345 loading class java/util/concurrent/atomic/AtomicReference done
Event: 0.345 loading class java/util/LinkedList$ListItr
Event: 0.345 loading class java/util/LinkedList$ListItr done
Event: 0.346 loading class java/net/URISyntaxException
Event: 0.346 loading class java/net/URISyntaxException done
Event: 0.346 loading class java/util/Base64
Event: 0.346 loading class java/util/Base64 done
Event: 0.346 loading class java/util/Base64$Encoder
Event: 0.346 loading class java/util/Base64$Encoder done
Event: 0.347 loading class java/net/URLPermission
Event: 0.347 loading class java/net/URLPermission done
Event: 0.350 loading class java/util/concurrent/CompletableFuture$UniCompose
Event: 0.350 loading class java/util/concurrent/CompletableFuture$UniCompletion
Event: 0.350 loading class java/util/concurrent/CompletableFuture$UniCompletion done
Event: 0.350 loading class java/util/concurrent/CompletableFuture$UniCompose done
Event: 0.350 loading class java/util/concurrent/ForkJoinTask$Aux
Event: 0.350 loading class java/util/concurrent/ForkJoinTask$Aux done
Event: 0.351 loading class java/util/concurrent/CompletableFuture$UniComposeExceptionally
Event: 0.351 loading class java/util/concurrent/CompletableFuture$UniComposeExceptionally done
Event: 0.352 loading class java/util/concurrent/CompletableFuture$AsyncSupply


Dynamic libraries:
0x00007ff651eb0000 - 0x00007ff651eba000 	C:\Users\zubkove\AppData\Local\JetBrains\PyCharm Community Edition 2024.1.3\jbr\bin\java.exe
0x00007ff9ff330000 - 0x00007ff9ff528000 	C:\Windows\SYSTEM32\ntdll.dll
0x00007ff9fea60000 - 0x00007ff9feb1f000 	C:\Windows\System32\KERNEL32.DLL
0x00007ff9fcbd0000 - 0x00007ff9fcec6000 	C:\Windows\System32\KERNELBASE.dll
0x00007ff9fd290000 - 0x00007ff9fd390000 	C:\Windows\System32\ucrtbase.dll
0x00007ff9e8540000 - 0x00007ff9e8557000 	C:\Users\zubkove\AppData\Local\JetBrains\PyCharm Community Edition 2024.1.3\jbr\bin\jli.dll
0x00007ff9fefc0000 - 0x00007ff9ff15d000 	C:\Windows\System32\USER32.dll
0x00007ff9e7f40000 - 0x00007ff9e7f5b000 	C:\Users\zubkove\AppData\Local\JetBrains\PyCharm Community Edition 2024.1.3\jbr\bin\VCRUNTIME140.dll
0x00007ff9fcab0000 - 0x00007ff9fcad2000 	C:\Windows\System32\win32u.dll
0x00007ff9ff160000 - 0x00007ff9ff18c000 	C:\Windows\System32\GDI32.dll
0x00007ff9fd030000 - 0x00007ff9fd145000 	C:\Windows\System32\gdi32full.dll
0x00007ff9fcae0000 - 0x00007ff9fcb7d000 	C:\Windows\System32\msvcp_win.dll
0x00007ff9ee160000 - 0x00007ff9ee3fa000 	C:\Windows\WinSxS\amd64_microsoft.windows.common-controls_6595b64144ccf1df_6.0.19041.1110_none_60b5254171f9507e\COMCTL32.dll
0x00007ff9fe220000 - 0x00007ff9fe2be000 	C:\Windows\System32\msvcrt.dll
0x00007ff9fdfa0000 - 0x00007ff9fdfd0000 	C:\Windows\System32\IMM32.DLL
0x00007ff9e8530000 - 0x00007ff9e853c000 	C:\Users\zubkove\AppData\Local\JetBrains\PyCharm Community Edition 2024.1.3\jbr\bin\vcruntime140_1.dll
0x00007ff9d49d0000 - 0x00007ff9d4a5d000 	C:\Users\zubkove\AppData\Local\JetBrains\PyCharm Community Edition 2024.1.3\jbr\bin\msvcp140.dll
0x00007ff9c3b20000 - 0x00007ff9c47a3000 	C:\Users\zubkove\AppData\Local\JetBrains\PyCharm Community Edition 2024.1.3\jbr\bin\server\jvm.dll
0x00007ff9fd390000 - 0x00007ff9fd43f000 	C:\Windows\System32\ADVAPI32.dll
0x00007ff9fe180000 - 0x00007ff9fe21c000 	C:\Windows\System32\sechost.dll
0x00007ff9fe930000 - 0x00007ff9fea56000 	C:\Windows\System32\RPCRT4.dll
0x00007ff9efd20000 - 0x00007ff9efd29000 	C:\Windows\SYSTEM32\WSOCK32.dll
0x00007ff9fc880000 - 0x00007ff9fc8cb000 	C:\Windows\SYSTEM32\POWRPROF.dll
0x00007ff9f09f0000 - 0x00007ff9f0a17000 	C:\Windows\SYSTEM32\WINMM.dll
0x00007ff9ff280000 - 0x00007ff9ff2eb000 	C:\Windows\System32\WS2_32.dll
0x00007ff9f2bf0000 - 0x00007ff9f2bfa000 	C:\Windows\SYSTEM32\VERSION.dll
0x00007ff9fc850000 - 0x00007ff9fc862000 	C:\Windows\SYSTEM32\UMPDC.dll
0x00007ff9fa860000 - 0x00007ff9fa872000 	C:\Windows\SYSTEM32\kernel.appcore.dll
0x00007ff9f52b0000 - 0x00007ff9f52ba000 	C:\Users\zubkove\AppData\Local\JetBrains\PyCharm Community Edition 2024.1.3\jbr\bin\jimage.dll
0x00007ff9f0b50000 - 0x00007ff9f0d34000 	C:\Windows\SYSTEM32\DBGHELP.DLL
0x00007ff9efe60000 - 0x00007ff9efe94000 	C:\Windows\SYSTEM32\dbgcore.DLL
0x00007ff9fd150000 - 0x00007ff9fd1d2000 	C:\Windows\System32\bcryptPrimitives.dll
0x00007ff9efa30000 - 0x00007ff9efa55000 	C:\Users\zubkove\AppData\Local\JetBrains\PyCharm Community Edition 2024.1.3\jbr\bin\java.dll
0x00007ff9efb40000 - 0x00007ff9efb58000 	C:\Users\zubkove\AppData\Local\JetBrains\PyCharm Community Edition 2024.1.3\jbr\bin\zip.dll
0x00007ff9fd850000 - 0x00007ff9fdf94000 	C:\Windows\System32\SHELL32.dll
0x00007ff9faa60000 - 0x00007ff9fb1f3000 	C:\Windows\SYSTEM32\windows.storage.dll
0x00007ff9feb20000 - 0x00007ff9fee74000 	C:\Windows\System32\combase.dll
0x00007ff9fc390000 - 0x00007ff9fc3be000 	C:\Windows\SYSTEM32\Wldp.dll
0x00007ff9fef10000 - 0x00007ff9fefbd000 	C:\Windows\System32\SHCORE.dll
0x00007ff9fe320000 - 0x00007ff9fe375000 	C:\Windows\System32\shlwapi.dll
0x00007ff9fc950000 - 0x00007ff9fc96f000 	C:\Windows\SYSTEM32\profapi.dll
0x00007ff9ef1f0000 - 0x00007ff9ef209000 	C:\Users\zubkove\AppData\Local\JetBrains\PyCharm Community Edition 2024.1.3\jbr\bin\net.dll
0x00007ff9f6b20000 - 0x00007ff9f6c2a000 	C:\Windows\SYSTEM32\WINHTTP.dll
0x00007ff9fc0f0000 - 0x00007ff9fc15a000 	C:\Windows\system32\mswsock.dll
0x00007ff9e9480000 - 0x00007ff9e9496000 	C:\Users\zubkove\AppData\Local\JetBrains\PyCharm Community Edition 2024.1.3\jbr\bin\nio.dll
0x00007ff9ec2a0000 - 0x00007ff9ec2ae000 	C:\Users\zubkove\AppData\Local\JetBrains\PyCharm Community Edition 2024.1.3\jbr\bin\sunmscapi.dll
0x00007ff9fced0000 - 0x00007ff9fd02e000 	C:\Windows\System32\CRYPT32.dll
0x00007ff9fc400000 - 0x00007ff9fc428000 	C:\Windows\SYSTEM32\ncrypt.dll
0x00007ff9fc3c0000 - 0x00007ff9fc3fb000 	C:\Windows\SYSTEM32\NTASN1.dll
0x00007ff9fc2e0000 - 0x00007ff9fc2f8000 	C:\Windows\SYSTEM32\CRYPTSP.dll
0x00007ff9fba10000 - 0x00007ff9fba44000 	C:\Windows\system32\rsaenh.dll
0x00007ff9fca80000 - 0x00007ff9fcaa7000 	C:\Windows\System32\bcrypt.dll
0x00007ff9fc910000 - 0x00007ff9fc93e000 	C:\Windows\SYSTEM32\USERENV.dll
0x00007ff9fc300000 - 0x00007ff9fc30c000 	C:\Windows\SYSTEM32\CRYPTBASE.dll
0x00007ff9fbde0000 - 0x00007ff9fbe1c000 	C:\Windows\SYSTEM32\IPHLPAPI.DLL
0x00007ff9fd4c0000 - 0x00007ff9fd4c8000 	C:\Windows\System32\NSI.dll
0x00007ff9f7ac0000 - 0x00007ff9f7ad7000 	C:\Windows\SYSTEM32\dhcpcsvc6.DLL
0x00007ff9f7aa0000 - 0x00007ff9f7abd000 	C:\Windows\SYSTEM32\dhcpcsvc.DLL
0x00007ff9fbe20000 - 0x00007ff9fbeeb000 	C:\Windows\SYSTEM32\DNSAPI.dll
0x00007ff9e93e0000 - 0x00007ff9e93e7000 	C:\Windows\system32\wshunix.dll
0x00007ff9e8900000 - 0x00007ff9e8909000 	C:\Users\zubkove\AppData\Local\JetBrains\PyCharm Community Edition 2024.1.3\jbr\bin\extnet.dll

dbghelp: loaded successfully - version: 4.0.5 - missing functions: none
symbol engine: initialized successfully - sym options: 0x614 - pdb path: .;C:\Users\zubkove\AppData\Local\JetBrains\PyCharm Community Edition 2024.1.3\jbr\bin;C:\Windows\SYSTEM32;C:\Windows\WinSxS\amd64_microsoft.windows.common-controls_6595b64144ccf1df_6.0.19041.1110_none_60b5254171f9507e;C:\Users\zubkove\AppData\Local\JetBrains\PyCharm Community Edition 2024.1.3\jbr\bin\server

VM Arguments:
java_command: git4idea.http.GitAskPassApp Username for 'https://github.com': 
java_class_path (initial): C:/Users/zubkove/AppData/Local/JetBrains/PyCharm Community Edition 2024.1.3/plugins/vcs-git/lib/git4idea-rt.jar;C:/Users/zubkove/AppData/Local/JetBrains/PyCharm Community Edition 2024.1.3/lib/externalProcess-rt.jar
Launcher Type: SUN_STANDARD

[Global flags]
     intx CICompilerCount                          = 3                                         {product} {ergonomic}
     uint ConcGCThreads                            = 1                                         {product} {ergonomic}
     uint G1ConcRefinementThreads                  = 4                                         {product} {ergonomic}
   size_t G1HeapRegionSize                         = 1048576                                   {product} {ergonomic}
    uintx GCDrainStackTargetSize                   = 64                                        {product} {ergonomic}
   size_t InitialHeapSize                          = 134217728                                 {product} {ergonomic}
   size_t MarkStackSize                            = 4194304                                   {product} {ergonomic}
   size_t MaxHeapSize                              = 2147483648                                {product} {ergonomic}
   size_t MaxNewSize                               = 1287651328                                {product} {ergonomic}
   size_t MinHeapDeltaBytes                        = 1048576                                   {product} {ergonomic}
   size_t MinHeapSize                              = 8388608                                   {product} {ergonomic}
    uintx NonNMethodCodeHeapSize                   = 5832780                                {pd product} {ergonomic}
    uintx NonProfiledCodeHeapSize                  = 122912730                              {pd product} {ergonomic}
    uintx ProfiledCodeHeapSize                     = 122912730                              {pd product} {ergonomic}
    uintx ReservedCodeCacheSize                    = 251658240                              {pd product} {ergonomic}
     bool SegmentedCodeCache                       = true                                      {product} {ergonomic}
   size_t SoftMaxHeapSize                          = 2147483648                             {manageable} {ergonomic}
     bool UseCompressedClassPointers               = true                           {product lp64_product} {ergonomic}
     bool UseCompressedOops                        = true                           {product lp64_product} {ergonomic}
     bool UseG1GC                                  = true                                      {product} {ergonomic}
     bool UseLargePagesIndividualAllocation        = false                                  {pd product} {ergonomic}

Logging:
Log output configuration:
 #0: stdout all=warning uptime,level,tags
 #1: stderr all=off uptime,level,tags

Environment Variables:
PATH=C:/Program Files/Git/mingw64/libexec/git-core;C:/Program Files/Git/mingw64/libexec/git-core;C:\Program Files\Git\mingw64\bin;C:\Program Files\Git\usr\bin;C:\Users\zubkove\bin;C:\DATA\BPLAPractise\pythonProject\.venv\Scripts;C:\Windows\system32;C:\Windows;C:\Windows\System32\Wbem;C:\Windows\System32\WindowsPowerShell\v1.0\;C:\Windows\System32\OpenSSH\;C:\Program Files\Git\cmd;C:\Users\zubkove\AppData\Local\Programs\Python\Python312\Scripts\;C:\Users\zubkove\AppData\Local\Programs\Python\Python312\;C:\Users\zubkove\AppData\Local\Microsoft\WindowsApps;C:\Users\zubkove\AppData\Local\JetBrains\PyCharm Community Edition 2024.1.3\bin
USERNAME=ZubkovE
DISPLAY=:0.0
LC_ALL=en_US.UTF-8
TERM=xterm-256color
TMPDIR=C:\Users\zubkove\AppData\Local\Temp
OS=Windows_NT
PROCESSOR_IDENTIFIER=Intel64 Family 6 Model 167 Stepping 1, GenuineIntel
TMP=C:\Users\zubkove\AppData\Local\Temp
TEMP=C:\Users\zubkove\AppData\Local\Temp



Periodic native trim disabled

JNI global refs:
JNI global refs: 19, weak refs: 0

JNI global refs memory usage: 843, weak refs: 209

Process memory usage:
Resident Set Size: 57588K (0% of 8388084K total physical memory with 969904K free physical memory)

OOME stack traces (most recent first):
Classloader memory used:
Loader bootstrap                                                                       : 1548K
Loader jdk.internal.loader.ClassLoaders$PlatformClassLoader                            : 102119B
Loader jdk.internal.loader.ClassLoaders$AppClassLoader                                 : 1808B


---------------  S Y S T E M  ---------------

OS:
 Windows 10 , 64 bit Build 19041 (10.0.19041.2913)
OS uptime: 87 days 22:43 hours
VMWare virtualization detected

CPU: total 4 (initial active 4) (2 cores per cpu, 1 threads per core) family 6 model 167 stepping 1 microcode 0x53, cx8, cmov, fxsr, mmx, 3dnowpref, sse, sse2, sse3, ssse3, sse4.1, sse4.2, popcnt, tsc, tscinvbit, avx, aes, erms, clmul, fma, vzeroupper, clflush, hv
Processor Information for all 4 processors :
  Max Mhz: 3600, Current Mhz: 3600, Mhz Limit: 3600

Memory: 4k page, system-wide physical 8191M (947M free)
TotalPageFile size 14518M (AvailPageFile size 4M)
current process WorkingSet (physical memory assigned to process): 56M, peak: 56M
current process commit charge ("private bytes"): 207M, peak: 208M

vm_info: OpenJDK 64-Bit Server VM (17.0.11+1-b1207.24) for windows-amd64 JRE (17.0.11+1-b1207.24), built on 2024-05-15 by "builduser" with MS VC++ 16.10 / 16.11 (VS2019)

END.
